<?xml version="1.0" encoding="UTF-8"?>
<!-- Generated by org.testng.reporters.JUnitReportReporter -->
<testsuite hostname="Cafelands-Mac-mini.local" failures="0" tests="6" name="com.nopcommerce.user.User_01_Register_Login" time="9.268" errors="0" timestamp="17 Aug 2023 07:55:17 GMT" skipped="0">
  <testcase classname="com.nopcommerce.user.User_01_Register_Login" name="Login_04_Register_Email_Existing" time="1.247"/>
  <testcase classname="com.nopcommerce.user.User_01_Register_Login" name="Login_02_Register_Invalid_Data" time="1.426"/>
  <testcase classname="com.nopcommerce.user.User_01_Register_Login" name="Login_03_Register_Success" time="1.761"/>
  <testcase classname="com.nopcommerce.user.User_01_Register_Login" name="Login_01_Register_Empty_Data" time="2.782"/>
  <testcase classname="com.nopcommerce.user.User_01_Register_Login" name="Login_06_Register_Invalid_Confirm_Password" time="1.279"/>
  <testcase classname="com.nopcommerce.user.User_01_Register_Login" name="Login_05_Register_Password_Less_Than_6_Chars" time="0.773"/>
</testsuite> <!-- com.nopcommerce.user.User_01_Register_Login -->
